<?xml version="1.0" encoding="UTF-8"?>
<testsuite xmlns:xsi="http://www.w3.org/2001/XMLSchema-instance" xsi:noNamespaceSchemaLocation="https://maven.apache.org/surefire/maven-surefire-plugin/xsd/surefire-test-report.xsd" name="testrunner.TestRunner" time="26.781" tests="2" errors="2" skipped="0" failures="0">
  <properties>
[...]
</properties>
  <testcase name="Update Personal Information (First Name) in My Account" classname="Purchase Product Validation and Account details update" time="24.444">
    <error message="Unable to find element with locator By.xpath: //a[@title=&apos;Log in to your customer account&apos;]&#10;For documentation on this error, please visit: https://selenium.dev/exceptions/#no_such_element&#10;Build info: version: &apos;4.0.0&apos;, revision: &apos;3a21814679&apos;&#10;System info: host: &apos;DESKTOP-OQ4GD75&apos;, ip: &apos;192.168.0.104&apos;, os.name: &apos;Windows 10&apos;, os.arch: &apos;amd64&apos;, os.version: &apos;10.0&apos;, java.version: &apos;16.0.2&apos;&#10;Driver info: driver.version: RemoteWebDriver" type="org.openqa.selenium.NoSuchElementException">org.openqa.selenium.NoSuchElementException: 
Unable to find element with locator By.xpath: //a[@title='Log in to your customer account']
For documentation on this error, please visit: https://selenium.dev/exceptions/#no_such_element
Build info: version: '4.0.0', revision: '3a21814679'
System info: host: 'DESKTOP-OQ4GD75', ip: '192.168.0.104', os.name: 'Windows 10', os.arch: 'amd64', os.version: '10.0', java.version: '16.0.2'
Driver info: driver.version: RemoteWebDriver
</error>
    <system-out><![CDATA[
@firstNameUpdate
Scenario: Update Personal Information (First Name) in My Account   &amp#27;[90m# src/test/resources/com/features/order_purchase.feature:17&amp#27;[0m
  &amp#27;[31mGiven &amp#27;[0m&amp#27;[31muser clicks on sign in  on index page&amp#27;[0m                      &amp#27;[90m# stepdefinitions.LoginpageSteps.user_clicks_on_sign_in_on_index_page()&amp#27;[0m
      &amp#27;[31morg.openqa.selenium.NoSuchElementException: Unable to find element with locator By.xpath: //a[@title='Log in to your customer account']
For documentation on this error, please visit: https://selenium.dev/exceptions/#no_such_element
Build info: version: '4.0.0', revision: '3a21814679'
System info: host: 'DESKTOP-OQ4GD75', ip: '192.168.0.104', os.name: 'Windows 10', os.arch: 'amd64', os.version: '10.0', java.version: '16.0.2'
Driver info: driver.version: RemoteWebDriver
	at org.openqa.selenium.remote.ElementLocation$ElementFinder$2.findElement(ElementLocation.java:165)
	at org.openqa.selenium.remote.ElementLocation.findElement(ElementLocation.java:60)
	at org.openqa.selenium.remote.RemoteWebDriver.findElement(RemoteWebDriver.java:383)
	at org.openqa.selenium.remote.RemoteWebDriver.findElement(RemoteWebDriver.java:375)
	at com.pages.Loginpage.signIn(Loginpage.java:38)
	at stepdefinitions.LoginpageSteps.user_clicks_on_sign_in_on_index_page(LoginpageSteps.java:20)
	at âœ½.user clicks on sign in  on index page(file:///C:/Users/DELL/eclipse-workspace/Cucumber_project/src/test/resources/com/features/order_purchase.feature:4)
&amp#27;[0m
  &amp#27;[36mWhen &amp#27;[0m&amp#27;[36menters valid username and password and clicks on signIn&amp#27;[0m     &amp#27;[90m# stepdefinitions.LoginpageSteps.enters_valid_username_and_password_and_clicks_on_sign_in()&amp#27;[0m
  &amp#27;[36mThen &amp#27;[0m&amp#27;[36muser should be logged in successfully&amp#27;[0m                       &amp#27;[90m# stepdefinitions.LoginpageSteps.user_should_be_logged_in_succesfully()&amp#27;[0m
  &amp#27;[36mGiven &amp#27;[0m&amp#27;[36muser clicks on the account information&amp#27;[0m                     &amp#27;[90m# stepdefinitions.CustomerAccountViewPageSteps.user_clicks_on_the_account_information()&amp#27;[0m
  &amp#27;[36mAnd &amp#27;[0m&amp#27;[36mclick on my personal information&amp#27;[0m                             &amp#27;[90m# stepdefinitions.CustomerAccountViewPageSteps.click_on_my_personal_information()&amp#27;[0m
  &amp#27;[36mAnd &amp#27;[0m&amp#27;[36mupdate firstname as &amp#27;[0m&amp#27;[36m&amp#27;[1m"Pav"&amp#27;[0m&amp#27;[36m and save&amp#27;[0m                           &amp#27;[90m# stepdefinitions.CustomerAccountViewPageSteps.update_firstname_as_and_save(java.lang.String)&amp#27;[0m
  &amp#27;[36mThen &amp#27;[0m&amp#27;[36mthe firstname should be updated successfully and validated.&amp#27;[0m &amp#27;[90m# stepdefinitions.CustomerAccountViewPageSteps.the_firstname_should_be_updated_successfully_and_validated()&amp#27;[0m
      &amp#27;[31morg.openqa.selenium.NoSuchWindowException: no such window: target window already closed
from unknown error: web view not found
  (Session info: chrome=95.0.4638.69)
Build info: version: '4.0.0', revision: '3a21814679'
System info: host: 'DESKTOP-OQ4GD75', ip: '192.168.0.104', os.name: 'Windows 10', os.arch: 'amd64', os.version: '10.0', java.version: '16.0.2'
Driver info: org.openqa.selenium.chrome.ChromeDriver
Command: [9d01ba7bf8200700de855bd16dc1f6ba, screenshot {}]
Capabilities {acceptInsecureCerts: false, browserName: chrome, browserVersion: 95.0.4638.69, chrome: {chromedriverVersion: 95.0.4638.54 (d31a821ec901f..., userDataDir: C:\Users\DELL\AppData\Local...}, goog:chromeOptions: {debuggerAddress: localhost:62744}, javascriptEnabled: true, networkConnectionEnabled: false, pageLoadStrategy: normal, platform: WINDOWS, platformName: WINDOWS, proxy: Proxy(), se:cdp: ws://localhost:62744/devtoo..., se:cdpVersion: 95.0.4638.69, setWindowRect: true, strictFileInteractability: false, timeouts: {implicit: 0, pageLoad: 300000, script: 30000}, unhandledPromptBehavior: dismiss and notify, webauthn:extension:credBlob: true, webauthn:extension:largeBlob: true, webauthn:virtualAuthenticators: true}
Session ID: 9d01ba7bf8200700de855bd16dc1f6ba
	at java.base/jdk.internal.reflect.NativeConstructorAccessorImpl.newInstance0(Native Method)
	at java.base/jdk.internal.reflect.NativeConstructorAccessorImpl.newInstance(NativeConstructorAccessorImpl.java:78)
	at java.base/jdk.internal.reflect.DelegatingConstructorAccessorImpl.newInstance(DelegatingConstructorAccessorImpl.java:45)
	at java.base/java.lang.reflect.Constructor.newInstanceWithCaller(Constructor.java:499)
	at java.base/java.lang.reflect.Constructor.newInstance(Constructor.java:480)
	at org.openqa.selenium.remote.codec.w3c.W3CHttpResponseCodec.createException(W3CHttpResponseCodec.java:200)
	at org.openqa.selenium.remote.codec.w3c.W3CHttpResponseCodec.decode(W3CHttpResponseCodec.java:133)
	at org.openqa.selenium.remote.codec.w3c.W3CHttpResponseCodec.decode(W3CHttpResponseCodec.java:53)
	at org.openqa.selenium.remote.HttpCommandExecutor.execute(HttpCommandExecutor.java:184)
	at org.openqa.selenium.remote.service.DriverCommandExecutor.invokeExecute(DriverCommandExecutor.java:164)
	at org.openqa.selenium.remote.service.DriverCommandExecutor.execute(DriverCommandExecutor.java:139)
	at org.openqa.selenium.remote.RemoteWebDriver.execute(RemoteWebDriver.java:559)
	at org.openqa.selenium.remote.RemoteWebDriver.execute(RemoteWebDriver.java:614)
	at org.openqa.selenium.remote.RemoteWebDriver.execute(RemoteWebDriver.java:618)
	at org.openqa.selenium.remote.RemoteWebDriver.getScreenshotAs(RemoteWebDriver.java:349)
	at com.qa.util.ScreenShot.Screenshot_capture(ScreenShot.java:17)
	at Hooks.ApplicationHooks.tearDown(ApplicationHooks.java:53)
&amp#27;[0m
]]></system-out>
    <system-err><![CDATA[SLF4J: Failed to load class "org.slf4j.impl.StaticLoggerBinder".
SLF4J: Defaulting to no-operation (NOP) logger implementation
SLF4J: See http://www.slf4j.org/codes.html#StaticLoggerBinder for further details.
Starting ChromeDriver 95.0.4638.54 (d31a821ec901f68d0d34ccdbaea45b4c86ce543e-refs/branch-heads/4638@{#871}) on port 59608
Only local connections are allowed.
Please see https://chromedriver.chromium.org/security-considerations for suggestions on keeping ChromeDriver safe.
ChromeDriver was started successfully.
Nov 08, 2021 5:05:04 PM org.openqa.selenium.remote.ProtocolHandshake createSession
INFO: Detected dialect: W3C
Nov 08, 2021 5:05:04 PM org.openqa.selenium.devtools.CdpVersionFinder findNearestMatch
INFO: Found exact CDP implementation for version 95
]]></system-err>
  </testcase>
  <testcase name="Update Personal Information (First Name) in My Account" classname="Purchase Product Validation and Account details update" time="24.456">
    <error message="no such window: target window already closed&#10;from unknown error: web view not found&#10;  (Session info: chrome=95.0.4638.69)&#10;Build info: version: &apos;4.0.0&apos;, revision: &apos;3a21814679&apos;&#10;System info: host: &apos;DESKTOP-OQ4GD75&apos;, ip: &apos;192.168.0.104&apos;, os.name: &apos;Windows 10&apos;, os.arch: &apos;amd64&apos;, os.version: &apos;10.0&apos;, java.version: &apos;16.0.2&apos;&#10;Driver info: org.openqa.selenium.chrome.ChromeDriver&#10;Command: [9d01ba7bf8200700de855bd16dc1f6ba, screenshot {}]&#10;Capabilities {acceptInsecureCerts: false, browserName: chrome, browserVersion: 95.0.4638.69, chrome: {chromedriverVersion: 95.0.4638.54 (d31a821ec901f..., userDataDir: C:\Users\DELL\AppData\Local...}, goog:chromeOptions: {debuggerAddress: localhost:62744}, javascriptEnabled: true, networkConnectionEnabled: false, pageLoadStrategy: normal, platform: WINDOWS, platformName: WINDOWS, proxy: Proxy(), se:cdp: ws://localhost:62744/devtoo..., se:cdpVersion: 95.0.4638.69, setWindowRect: true, strictFileInteractability: false, timeouts: {implicit: 0, pageLoad: 300000, script: 30000}, unhandledPromptBehavior: dismiss and notify, webauthn:extension:credBlob: true, webauthn:extension:largeBlob: true, webauthn:virtualAuthenticators: true}&#10;Session ID: 9d01ba7bf8200700de855bd16dc1f6ba" type="org.openqa.selenium.NoSuchWindowException">org.openqa.selenium.NoSuchWindowException: 
no such window: target window already closed
from unknown error: web view not found
  (Session info: chrome=95.0.4638.69)
Build info: version: '4.0.0', revision: '3a21814679'
System info: host: 'DESKTOP-OQ4GD75', ip: '192.168.0.104', os.name: 'Windows 10', os.arch: 'amd64', os.version: '10.0', java.version: '16.0.2'
Driver info: org.openqa.selenium.chrome.ChromeDriver
Command: [9d01ba7bf8200700de855bd16dc1f6ba, screenshot {}]
Capabilities {acceptInsecureCerts: false, browserName: chrome, browserVersion: 95.0.4638.69, chrome: {chromedriverVersion: 95.0.4638.54 (d31a821ec901f..., userDataDir: C:\Users\DELL\AppData\Local...}, goog:chromeOptions: {debuggerAddress: localhost:62744}, javascriptEnabled: true, networkConnectionEnabled: false, pageLoadStrategy: normal, platform: WINDOWS, platformName: WINDOWS, proxy: Proxy(), se:cdp: ws://localhost:62744/devtoo..., se:cdpVersion: 95.0.4638.69, setWindowRect: true, strictFileInteractability: false, timeouts: {implicit: 0, pageLoad: 300000, script: 30000}, unhandledPromptBehavior: dismiss and notify, webauthn:extension:credBlob: true, webauthn:extension:largeBlob: true, webauthn:virtualAuthenticators: true}
Session ID: 9d01ba7bf8200700de855bd16dc1f6ba
</error>
  </testcase>
</testsuite>