<?xml version="1.0" encoding="UTF-8"?>
<testsuite xmlns:xsi="http://www.w3.org/2001/XMLSchema-instance" xsi:noNamespaceSchemaLocation="https://maven.apache.org/surefire/maven-surefire-plugin/xsd/surefire-test-report.xsd" name="testrunner.TestRunner" time="79.402" tests="2" errors="0" skipped="0" failures="0">
  <properties>
[...]
</properties>
  <testcase name="Order T-Shirt and Verify the order in Order History" classname="Purchase Product Validation and Account details update" time="53.618"/>
  <testcase name="Update Personal Information (First Name) in My Account" classname="Purchase Product Validation and Account details update" time="23.85"/>
</testsuite>